[debug] [2024-06-03T17:02:26.789Z] ----------------------------------------------------------------------
[debug] [2024-06-03T17:02:26.793Z] Command:       C:\Program Files\nodejs\node.exe C:\Users\vlad\AppData\Roaming\npm\node_modules\firebase-tools\lib\bin\firebase.js deploy
[debug] [2024-06-03T17:02:26.794Z] CLI Version:   13.7.5
[debug] [2024-06-03T17:02:26.795Z] Platform:      win32
[debug] [2024-06-03T17:02:26.796Z] Node Version:  v18.15.0
[debug] [2024-06-03T17:02:26.806Z] Time:          Mon Jun 03 2024 20:02:26 GMT+0300 (Москва, стандартное время)
[debug] [2024-06-03T17:02:26.806Z] ----------------------------------------------------------------------
[debug] 
[debug] [2024-06-03T17:02:26.816Z] >>> [apiv2][query] GET https://firebase-public.firebaseio.com/cli.json [none]
[debug] [2024-06-03T17:02:27.109Z] > command requires scopes: ["email","openid","https://www.googleapis.com/auth/cloudplatformprojects.readonly","https://www.googleapis.com/auth/firebase","https://www.googleapis.com/auth/cloud-platform"]
[debug] [2024-06-03T17:02:27.110Z] > authorizing via signed-in user (vl.fatikhov@gmail.com)
[debug] [2024-06-03T17:02:27.111Z] [iam] checking project elmira-kapkaeva for permissions ["firebase.projects.get","firebasehosting.sites.update"]
[debug] [2024-06-03T17:02:27.113Z] > refreshing access token with scopes: []
[debug] [2024-06-03T17:02:27.116Z] >>> [apiv2][query] POST https://www.googleapis.com/oauth2/v3/token [none]
[debug] [2024-06-03T17:02:27.116Z] >>> [apiv2][body] POST https://www.googleapis.com/oauth2/v3/token [omitted]
[debug] [2024-06-03T17:02:27.290Z] <<< [apiv2][status] POST https://www.googleapis.com/oauth2/v3/token 400
[debug] [2024-06-03T17:02:27.291Z] <<< [apiv2][body] POST https://www.googleapis.com/oauth2/v3/token [omitted]
[debug] [2024-06-03T17:02:27.292Z] >>> [apiv2][query] POST https://cloudresourcemanager.googleapis.com/v1/projects/elmira-kapkaeva:testIamPermissions [none]
[debug] [2024-06-03T17:02:27.292Z] >>> [apiv2][(partial)header] POST https://cloudresourcemanager.googleapis.com/v1/projects/elmira-kapkaeva:testIamPermissions x-goog-quota-user=projects/elmira-kapkaeva
[debug] [2024-06-03T17:02:27.292Z] >>> [apiv2][body] POST https://cloudresourcemanager.googleapis.com/v1/projects/elmira-kapkaeva:testIamPermissions {"permissions":["firebase.projects.get","firebasehosting.sites.update"]}
[debug] [2024-06-03T17:02:27.487Z] <<< [apiv2][status] GET https://firebase-public.firebaseio.com/cli.json 200
[debug] [2024-06-03T17:02:27.488Z] <<< [apiv2][body] GET https://firebase-public.firebaseio.com/cli.json {"cloudBuildErrorAfter":1594252800000,"cloudBuildWarnAfter":1590019200000,"defaultNode10After":1594252800000,"minVersion":"3.0.5","node8DeploysDisabledAfter":1613390400000,"node8RuntimeDisabledAfter":1615809600000,"node8WarnAfter":1600128000000}
[debug] [2024-06-03T17:02:28.087Z] <<< [apiv2][status] POST https://cloudresourcemanager.googleapis.com/v1/projects/elmira-kapkaeva:testIamPermissions 401
[debug] [2024-06-03T17:02:28.087Z] <<< [apiv2][body] POST https://cloudresourcemanager.googleapis.com/v1/projects/elmira-kapkaeva:testIamPermissions {"error":{"code":401,"message":"Request had invalid authentication credentials. Expected OAuth 2 access token, login cookie or other valid authentication credential. See https://developers.google.com/identity/sign-in/web/devconsole-project.","status":"UNAUTHENTICATED","details":[{"@type":"type.googleapis.com/google.rpc.ErrorInfo","reason":"ACCESS_TOKEN_TYPE_UNSUPPORTED","metadata":{"method":"google.cloudresourcemanager.v1.Projects.TestIamPermissions","service":"cloudresourcemanager.googleapis.com"}}]}}
[debug] [2024-06-03T17:02:28.088Z] [iam] error while checking permissions, command may fail: FirebaseError: HTTP Error: 401, Request had invalid authentication credentials. Expected OAuth 2 access token, login cookie or other valid authentication credential. See https://developers.google.com/identity/sign-in/web/devconsole-project.
[debug] [2024-06-03T17:02:28.089Z] > refreshing access token with scopes: []
[debug] [2024-06-03T17:02:28.090Z] >>> [apiv2][query] POST https://www.googleapis.com/oauth2/v3/token [none]
[debug] [2024-06-03T17:02:28.090Z] >>> [apiv2][body] POST https://www.googleapis.com/oauth2/v3/token [omitted]
[debug] [2024-06-03T17:02:28.169Z] <<< [apiv2][status] POST https://www.googleapis.com/oauth2/v3/token 400
[debug] [2024-06-03T17:02:28.169Z] <<< [apiv2][body] POST https://www.googleapis.com/oauth2/v3/token [omitted]
[debug] [2024-06-03T17:02:28.171Z] >>> [apiv2][query] GET https://firebase.googleapis.com/v1beta1/projects/elmira-kapkaeva [none]
[debug] [2024-06-03T17:02:28.274Z] <<< [apiv2][status] GET https://firebase.googleapis.com/v1beta1/projects/elmira-kapkaeva 401
[debug] [2024-06-03T17:02:28.275Z] <<< [apiv2][body] GET https://firebase.googleapis.com/v1beta1/projects/elmira-kapkaeva {"error":{"code":401,"message":"Request had invalid authentication credentials. Expected OAuth 2 access token, login cookie or other valid authentication credential. See https://developers.google.com/identity/sign-in/web/devconsole-project.","status":"UNAUTHENTICATED"}}
[debug] [2024-06-03T17:02:28.276Z] HTTP Error: 401, Request had invalid authentication credentials. Expected OAuth 2 access token, login cookie or other valid authentication credential. See https://developers.google.com/identity/sign-in/web/devconsole-project.
[error] 
[error] Error: Assertion failed: resolving hosting target of a site with no site name or target name. This should have caused an error earlier
